<?xml version="1.0" encoding="UTF-8"?>
<!-- Generated by org.testng.reporters.JUnitReportReporter -->
<testsuite skipped="2" hostname="Aditya" name="com.crm.qa.testcases.RetestPageTest" tests="3" failures="0" timestamp="2020-12-12T16:27:10 IST" time="108.409" errors="1">
  <testcase name="setup" time="108.409" classname="com.crm.qa.testcases.RetestPageTest">
    <error type="org.openqa.selenium.WebDriverException" message="chrome not reachable
Build info: version: &#039;3.141.59&#039;, revision: &#039;e82be7d358&#039;, time: &#039;2018-11-14T08:25:48&#039;
System info: host: &#039;ADITYA&#039;, ip: &#039;192.168.1.7&#039;, os.name: &#039;Windows 10&#039;, os.arch: &#039;x86&#039;, os.version: &#039;10.0&#039;, java.version: &#039;1.8.0_60&#039;
Driver info: driver.version: EdgeDriver
remote stacktrace: Backtrace:
	Ordinal0 [0x006F1533+3413299]
	Ordinal0 [0x004A10DE+987358]
	Ordinal0 [0x00497E39+949817]
	Ordinal0 [0x0042307C+471164]
	Ordinal0 [0x00421A50+465488]
	Ordinal0 [0x0041CD8D+445837]
	Ordinal0 [0x004449DA+608730]
	Ordinal0 [0x004443AE+607150]
	Ordinal0 [0x0044078B+591755]
	Ordinal0 [0x0042547D+480381]
	Ordinal0 [0x0042622A+483882]
	Ordinal0 [0x004261C7+483783]
	Ordinal0 [0x0060052C+2426156]
	GetHandleVerifier [0x008007B1+1000241]
	GetHandleVerifier [0x0080E35F+1056479]
	GetHandleVerifier [0x008012BF+1003071]
	Ordinal0 [0x005F8331+2392881]
	Ordinal0 [0x006022CB+2433739]
	Ordinal0 [0x0060245A+2434138]
	Ordinal0 [0x006133F0+2503664]
	BaseThreadInitThunk [0x75AD6359+25]
	RtlGetAppContainerNamedObjectPath [0x77788944+228]
	RtlGetAppContainerNamedObjectPath [0x77788914+180]
">
      <![CDATA[org.openqa.selenium.WebDriverException: chrome not reachable
Build info: version: '3.141.59', revision: 'e82be7d358', time: '2018-11-14T08:25:48'
System info: host: 'ADITYA', ip: '192.168.1.7', os.name: 'Windows 10', os.arch: 'x86', os.version: '10.0', java.version: '1.8.0_60'
Driver info: driver.version: EdgeDriver
remote stacktrace: Backtrace:
Ordinal0 [0x006F1533+3413299]
Ordinal0 [0x004A10DE+987358]
Ordinal0 [0x00497E39+949817]
Ordinal0 [0x0042307C+471164]
Ordinal0 [0x00421A50+465488]
Ordinal0 [0x0041CD8D+445837]
Ordinal0 [0x004449DA+608730]
Ordinal0 [0x004443AE+607150]
Ordinal0 [0x0044078B+591755]
Ordinal0 [0x0042547D+480381]
Ordinal0 [0x0042622A+483882]
Ordinal0 [0x004261C7+483783]
Ordinal0 [0x0060052C+2426156]
GetHandleVerifier [0x008007B1+1000241]
GetHandleVerifier [0x0080E35F+1056479]
GetHandleVerifier [0x008012BF+1003071]
Ordinal0 [0x005F8331+2392881]
Ordinal0 [0x006022CB+2433739]
Ordinal0 [0x0060245A+2434138]
Ordinal0 [0x006133F0+2503664]
BaseThreadInitThunk [0x75AD6359+25]
RtlGetAppContainerNamedObjectPath [0x77788944+228]
RtlGetAppContainerNamedObjectPath [0x77788914+180]

at sun.reflect.NativeConstructorAccessorImpl.newInstance0(Native Method)
at sun.reflect.NativeConstructorAccessorImpl.newInstance(NativeConstructorAccessorImpl.java:62)
at sun.reflect.DelegatingConstructorAccessorImpl.newInstance(DelegatingConstructorAccessorImpl.java:45)
at java.lang.reflect.Constructor.newInstance(Constructor.java:422)
at org.openqa.selenium.remote.W3CHandshakeResponse.lambda$errorHandler$0(W3CHandshakeResponse.java:62)
at org.openqa.selenium.remote.HandshakeResponse.lambda$getResponseFunction$0(HandshakeResponse.java:30)
at org.openqa.selenium.remote.ProtocolHandshake.lambda$createSession$0(ProtocolHandshake.java:126)
at java.util.stream.ReferencePipeline$3$1.accept(ReferencePipeline.java:193)
at java.util.Spliterators$ArraySpliterator.tryAdvance(Spliterators.java:958)
at java.util.stream.ReferencePipeline.forEachWithCancel(ReferencePipeline.java:126)
at java.util.stream.AbstractPipeline.copyIntoWithCancel(AbstractPipeline.java:498)
at java.util.stream.AbstractPipeline.copyInto(AbstractPipeline.java:485)
at java.util.stream.AbstractPipeline.wrapAndCopyInto(AbstractPipeline.java:471)
at java.util.stream.FindOps$FindOp.evaluateSequential(FindOps.java:152)
at java.util.stream.AbstractPipeline.evaluate(AbstractPipeline.java:234)
at java.util.stream.ReferencePipeline.findFirst(ReferencePipeline.java:464)
at org.openqa.selenium.remote.ProtocolHandshake.createSession(ProtocolHandshake.java:128)
at org.openqa.selenium.remote.ProtocolHandshake.createSession(ProtocolHandshake.java:74)
at org.openqa.selenium.remote.HttpCommandExecutor.execute(HttpCommandExecutor.java:136)
at org.openqa.selenium.remote.service.DriverCommandExecutor.execute(DriverCommandExecutor.java:83)
at org.openqa.selenium.remote.RemoteWebDriver.execute(RemoteWebDriver.java:552)
at org.openqa.selenium.remote.RemoteWebDriver.startSession(RemoteWebDriver.java:213)
at org.openqa.selenium.remote.RemoteWebDriver.<init>(RemoteWebDriver.java:131)
at org.openqa.selenium.edge.EdgeDriver.<init>(EdgeDriver.java:141)
at org.openqa.selenium.edge.EdgeDriver.<init>(EdgeDriver.java:96)
at com.crm.qa.base.TestBase.initialization(TestBase.java:50)
at com.crm.qa.testcases.RetestPageTest.setup(RetestPageTest.java:23)
at sun.reflect.NativeMethodAccessorImpl.invoke0(Native Method)
at sun.reflect.NativeMethodAccessorImpl.invoke(NativeMethodAccessorImpl.java:62)
at sun.reflect.DelegatingMethodAccessorImpl.invoke(DelegatingMethodAccessorImpl.java:43)
at java.lang.reflect.Method.invoke(Method.java:497)
at org.testng.internal.MethodInvocationHelper.invokeMethod(MethodInvocationHelper.java:132)
at org.testng.internal.MethodInvocationHelper.invokeMethodConsideringTimeout(MethodInvocationHelper.java:61)
at org.testng.internal.ConfigInvoker.invokeConfigurationMethod(ConfigInvoker.java:366)
at org.testng.internal.ConfigInvoker.invokeConfigurations(ConfigInvoker.java:320)
at org.testng.internal.TestInvoker.runConfigMethods(TestInvoker.java:701)
at org.testng.internal.TestInvoker.invokeMethod(TestInvoker.java:527)
at org.testng.internal.TestInvoker.invokeTestMethod(TestInvoker.java:174)
at org.testng.internal.MethodRunner.runInSequence(MethodRunner.java:46)
at org.testng.internal.TestInvoker$MethodInvocationAgent.invoke(TestInvoker.java:822)
at org.testng.internal.TestInvoker.invokeTestMethods(TestInvoker.java:147)
at org.testng.internal.TestMethodWorker.invokeTestMethods(TestMethodWorker.java:146)
at org.testng.internal.TestMethodWorker.run(TestMethodWorker.java:128)
at java.util.ArrayList.forEach(ArrayList.java:1249)
at org.testng.TestRunner.privateRun(TestRunner.java:764)
at org.testng.TestRunner.run(TestRunner.java:585)
at org.testng.SuiteRunner.runTest(SuiteRunner.java:384)
at org.testng.SuiteRunner.runSequentially(SuiteRunner.java:378)
at org.testng.SuiteRunner.privateRun(SuiteRunner.java:337)
at org.testng.SuiteRunner.run(SuiteRunner.java:286)
at org.testng.SuiteRunnerWorker.runSuite(SuiteRunnerWorker.java:53)
at org.testng.SuiteRunnerWorker.run(SuiteRunnerWorker.java:96)
at org.testng.TestNG.runSuitesSequentially(TestNG.java:1218)
at org.testng.TestNG.runSuitesLocally(TestNG.java:1140)
at org.testng.TestNG.runSuites(TestNG.java:1069)
at org.testng.TestNG.run(TestNG.java:1037)
at org.testng.remote.AbstractRemoteTestNG.run(AbstractRemoteTestNG.java:115)
at org.testng.remote.RemoteTestNG.initAndRun(RemoteTestNG.java:251)
at org.testng.remote.RemoteTestNG.main(RemoteTestNG.java:77)
]]>
    </error>
  </testcase> <!-- setup -->
  <system-out/>
  <testcase name="verifyPwdResetPageTitleTest" time="0.000" classname="com.crm.qa.testcases.RetestPageTest">
    <skipped/>
  </testcase> <!-- verifyPwdResetPageTitleTest -->
  <system-out/>
  <testcase name="verifyForgotMyPwdHeaderTest" time="0.000" classname="com.crm.qa.testcases.RetestPageTest">
    <skipped/>
  </testcase> <!-- verifyForgotMyPwdHeaderTest -->
  <system-out/>
</testsuite> <!-- com.crm.qa.testcases.RetestPageTest -->
