<?xml version="1.0" encoding="UTF-8"?>
<!-- Generated by org.testng.reporters.JUnitXMLReporter -->
<testsuite hostname="Aditya" ignored="0" name="Free CRM Test Cases" tests="17" failures="0" timestamp="2020-12-12T16:27:07 IST" time="1121.094" errors="0">
  <testcase name="@BeforeMethod setup" time="73.834" classname="com.crm.qa.testcases.ContactsPageTest">
    <failure type="org.openqa.selenium.WebDriverException" message="unknown error: DevToolsActivePort file doesn&amp;apos;t exist
Build info: version: &amp;apos;3.141.59&amp;apos;, revision: &amp;apos;e82be7d358&amp;apos;, time: &amp;apos;2018-11-14T08:25:48&amp;apos;
System info: host: &amp;apos;ADITYA&amp;apos;, ip: &amp;apos;192.168.1.7&amp;apos;, os.name: &amp;apos;Windows 10&amp;apos;, os.arch: &amp;apos;x86&amp;apos;, os.version: &amp;apos;10.0&amp;apos;, java.version: &amp;apos;1.8.0_60&amp;apos;
Driver info: driver.version: EdgeDriver
remote stacktrace: Backtrace:
	Ordinal0 [0x006F1533+3413299]
	Ordinal0 [0x004A1248+987720]
	Ordinal0 [0x004217A9+464809]
	Ordinal0 [0x0041CD8D+445837]
	Ordinal0 [0x004449DA+608730]
	Ordinal0 [0x004443AE+607150]
	Ordinal0 [0x0044078B+591755]
	Ordinal0 [0x0042547D+480381]
	Ordinal0 [0x0042622A+483882]
	Ordinal0 [0x004261C7+483783]
	Ordinal0 [0x0060052C+2426156]
	GetHandleVerifier [0x008007B1+1000241]
	GetHandleVerifier [0x0080E35F+1056479]
	GetHandleVerifier [0x008012BF+1003071]
	Ordinal0 [0x005F8331+2392881]
	Ordinal0 [0x006022CB+2433739]
	Ordinal0 [0x0060245A+2434138]
	Ordinal0 [0x006133F0+2503664]
	BaseThreadInitThunk [0x75AD6359+25]
	RtlGetAppContainerNamedObjectPath [0x77788944+228]
	RtlGetAppContainerNamedObjectPath [0x77788914+180]
">
      <![CDATA[org.openqa.selenium.WebDriverException: unknown error: DevToolsActivePort file doesn't exist
Build info: version: '3.141.59', revision: 'e82be7d358', time: '2018-11-14T08:25:48'
System info: host: 'ADITYA', ip: '192.168.1.7', os.name: 'Windows 10', os.arch: 'x86', os.version: '10.0', java.version: '1.8.0_60'
Driver info: driver.version: EdgeDriver
remote stacktrace: Backtrace:
Ordinal0 [0x006F1533+3413299]
Ordinal0 [0x004A1248+987720]
Ordinal0 [0x004217A9+464809]
Ordinal0 [0x0041CD8D+445837]
Ordinal0 [0x004449DA+608730]
Ordinal0 [0x004443AE+607150]
Ordinal0 [0x0044078B+591755]
Ordinal0 [0x0042547D+480381]
Ordinal0 [0x0042622A+483882]
Ordinal0 [0x004261C7+483783]
Ordinal0 [0x0060052C+2426156]
GetHandleVerifier [0x008007B1+1000241]
GetHandleVerifier [0x0080E35F+1056479]
GetHandleVerifier [0x008012BF+1003071]
Ordinal0 [0x005F8331+2392881]
Ordinal0 [0x006022CB+2433739]
Ordinal0 [0x0060245A+2434138]
Ordinal0 [0x006133F0+2503664]
BaseThreadInitThunk [0x75AD6359+25]
RtlGetAppContainerNamedObjectPath [0x77788944+228]
RtlGetAppContainerNamedObjectPath [0x77788914+180]

at org.openqa.selenium.remote.W3CHandshakeResponse.lambda$errorHandler$0(W3CHandshakeResponse.java:62)
at org.openqa.selenium.remote.HandshakeResponse.lambda$getResponseFunction$0(HandshakeResponse.java:30)
at org.openqa.selenium.remote.ProtocolHandshake.lambda$createSession$0(ProtocolHandshake.java:126)
at java.util.stream.ReferencePipeline$3$1.accept(ReferencePipeline.java:193)
at java.util.Spliterators$ArraySpliterator.tryAdvance(Spliterators.java:958)
at java.util.stream.ReferencePipeline.forEachWithCancel(ReferencePipeline.java:126)
at java.util.stream.AbstractPipeline.copyIntoWithCancel(AbstractPipeline.java:498)
at java.util.stream.AbstractPipeline.copyInto(AbstractPipeline.java:485)
at java.util.stream.AbstractPipeline.wrapAndCopyInto(AbstractPipeline.java:471)
at java.util.stream.FindOps$FindOp.evaluateSequential(FindOps.java:152)
at java.util.stream.AbstractPipeline.evaluate(AbstractPipeline.java:234)
at java.util.stream.ReferencePipeline.findFirst(ReferencePipeline.java:464)
at org.openqa.selenium.remote.ProtocolHandshake.createSession(ProtocolHandshake.java:128)
at org.openqa.selenium.remote.ProtocolHandshake.createSession(ProtocolHandshake.java:74)
at org.openqa.selenium.remote.HttpCommandExecutor.execute(HttpCommandExecutor.java:136)
at org.openqa.selenium.remote.service.DriverCommandExecutor.execute(DriverCommandExecutor.java:83)
at org.openqa.selenium.remote.RemoteWebDriver.execute(RemoteWebDriver.java:552)
at org.openqa.selenium.remote.RemoteWebDriver.startSession(RemoteWebDriver.java:213)
at org.openqa.selenium.remote.RemoteWebDriver.<init>(RemoteWebDriver.java:131)
at org.openqa.selenium.edge.EdgeDriver.<init>(EdgeDriver.java:141)
at org.openqa.selenium.edge.EdgeDriver.<init>(EdgeDriver.java:96)
at com.crm.qa.base.TestBase.initialization(TestBase.java:50)
at com.crm.qa.testcases.ContactsPageTest.setup(ContactsPageTest.java:28)
at java.util.ArrayList.forEach(ArrayList.java:1249)
... Removed 35 stack frames]]>
    </failure>
  </testcase> <!-- @BeforeMethod setup -->
  <testcase name="@AfterMethod tearDown" time="-1.607770497775E9" classname="com.crm.qa.testcases.ContactsPageTest">
    <skipped/>
  </testcase> <!-- @AfterMethod tearDown -->
  <testcase name="@BeforeMethod setup" time="-1.607770497776E9" classname="com.crm.qa.testcases.ContactsPageTest">
    <skipped/>
  </testcase> <!-- @BeforeMethod setup -->
  <testcase name="@AfterMethod tearDown" time="-1.60777049778E9" classname="com.crm.qa.testcases.ContactsPageTest">
    <skipped/>
  </testcase> <!-- @AfterMethod tearDown -->
  <testcase name="@BeforeMethod setup" time="108.409" classname="com.crm.qa.testcases.RetestPageTest">
    <failure type="org.openqa.selenium.WebDriverException" message="chrome not reachable
Build info: version: &amp;apos;3.141.59&amp;apos;, revision: &amp;apos;e82be7d358&amp;apos;, time: &amp;apos;2018-11-14T08:25:48&amp;apos;
System info: host: &amp;apos;ADITYA&amp;apos;, ip: &amp;apos;192.168.1.7&amp;apos;, os.name: &amp;apos;Windows 10&amp;apos;, os.arch: &amp;apos;x86&amp;apos;, os.version: &amp;apos;10.0&amp;apos;, java.version: &amp;apos;1.8.0_60&amp;apos;
Driver info: driver.version: EdgeDriver
remote stacktrace: Backtrace:
	Ordinal0 [0x006F1533+3413299]
	Ordinal0 [0x004A10DE+987358]
	Ordinal0 [0x00497E39+949817]
	Ordinal0 [0x0042307C+471164]
	Ordinal0 [0x00421A50+465488]
	Ordinal0 [0x0041CD8D+445837]
	Ordinal0 [0x004449DA+608730]
	Ordinal0 [0x004443AE+607150]
	Ordinal0 [0x0044078B+591755]
	Ordinal0 [0x0042547D+480381]
	Ordinal0 [0x0042622A+483882]
	Ordinal0 [0x004261C7+483783]
	Ordinal0 [0x0060052C+2426156]
	GetHandleVerifier [0x008007B1+1000241]
	GetHandleVerifier [0x0080E35F+1056479]
	GetHandleVerifier [0x008012BF+1003071]
	Ordinal0 [0x005F8331+2392881]
	Ordinal0 [0x006022CB+2433739]
	Ordinal0 [0x0060245A+2434138]
	Ordinal0 [0x006133F0+2503664]
	BaseThreadInitThunk [0x75AD6359+25]
	RtlGetAppContainerNamedObjectPath [0x77788944+228]
	RtlGetAppContainerNamedObjectPath [0x77788914+180]
">
      <![CDATA[org.openqa.selenium.WebDriverException: chrome not reachable
Build info: version: '3.141.59', revision: 'e82be7d358', time: '2018-11-14T08:25:48'
System info: host: 'ADITYA', ip: '192.168.1.7', os.name: 'Windows 10', os.arch: 'x86', os.version: '10.0', java.version: '1.8.0_60'
Driver info: driver.version: EdgeDriver
remote stacktrace: Backtrace:
Ordinal0 [0x006F1533+3413299]
Ordinal0 [0x004A10DE+987358]
Ordinal0 [0x00497E39+949817]
Ordinal0 [0x0042307C+471164]
Ordinal0 [0x00421A50+465488]
Ordinal0 [0x0041CD8D+445837]
Ordinal0 [0x004449DA+608730]
Ordinal0 [0x004443AE+607150]
Ordinal0 [0x0044078B+591755]
Ordinal0 [0x0042547D+480381]
Ordinal0 [0x0042622A+483882]
Ordinal0 [0x004261C7+483783]
Ordinal0 [0x0060052C+2426156]
GetHandleVerifier [0x008007B1+1000241]
GetHandleVerifier [0x0080E35F+1056479]
GetHandleVerifier [0x008012BF+1003071]
Ordinal0 [0x005F8331+2392881]
Ordinal0 [0x006022CB+2433739]
Ordinal0 [0x0060245A+2434138]
Ordinal0 [0x006133F0+2503664]
BaseThreadInitThunk [0x75AD6359+25]
RtlGetAppContainerNamedObjectPath [0x77788944+228]
RtlGetAppContainerNamedObjectPath [0x77788914+180]

at org.openqa.selenium.remote.W3CHandshakeResponse.lambda$errorHandler$0(W3CHandshakeResponse.java:62)
at org.openqa.selenium.remote.HandshakeResponse.lambda$getResponseFunction$0(HandshakeResponse.java:30)
at org.openqa.selenium.remote.ProtocolHandshake.lambda$createSession$0(ProtocolHandshake.java:126)
at java.util.stream.ReferencePipeline$3$1.accept(ReferencePipeline.java:193)
at java.util.Spliterators$ArraySpliterator.tryAdvance(Spliterators.java:958)
at java.util.stream.ReferencePipeline.forEachWithCancel(ReferencePipeline.java:126)
at java.util.stream.AbstractPipeline.copyIntoWithCancel(AbstractPipeline.java:498)
at java.util.stream.AbstractPipeline.copyInto(AbstractPipeline.java:485)
at java.util.stream.AbstractPipeline.wrapAndCopyInto(AbstractPipeline.java:471)
at java.util.stream.FindOps$FindOp.evaluateSequential(FindOps.java:152)
at java.util.stream.AbstractPipeline.evaluate(AbstractPipeline.java:234)
at java.util.stream.ReferencePipeline.findFirst(ReferencePipeline.java:464)
at org.openqa.selenium.remote.ProtocolHandshake.createSession(ProtocolHandshake.java:128)
at org.openqa.selenium.remote.ProtocolHandshake.createSession(ProtocolHandshake.java:74)
at org.openqa.selenium.remote.HttpCommandExecutor.execute(HttpCommandExecutor.java:136)
at org.openqa.selenium.remote.service.DriverCommandExecutor.execute(DriverCommandExecutor.java:83)
at org.openqa.selenium.remote.RemoteWebDriver.execute(RemoteWebDriver.java:552)
at org.openqa.selenium.remote.RemoteWebDriver.startSession(RemoteWebDriver.java:213)
at org.openqa.selenium.remote.RemoteWebDriver.<init>(RemoteWebDriver.java:131)
at org.openqa.selenium.edge.EdgeDriver.<init>(EdgeDriver.java:141)
at org.openqa.selenium.edge.EdgeDriver.<init>(EdgeDriver.java:96)
at com.crm.qa.base.TestBase.initialization(TestBase.java:50)
at com.crm.qa.testcases.RetestPageTest.setup(RetestPageTest.java:23)
at java.util.ArrayList.forEach(ArrayList.java:1249)
... Removed 35 stack frames]]>
    </failure>
  </testcase> <!-- @BeforeMethod setup -->
  <testcase name="@AfterMethod tearDown" time="-1.607770606197E9" classname="com.crm.qa.testcases.RetestPageTest">
    <skipped/>
  </testcase> <!-- @AfterMethod tearDown -->
  <testcase name="@BeforeMethod setup" time="-1.607770606198E9" classname="com.crm.qa.testcases.RetestPageTest">
    <skipped/>
  </testcase> <!-- @BeforeMethod setup -->
  <testcase name="@AfterMethod tearDown" time="-1.607770606202E9" classname="com.crm.qa.testcases.RetestPageTest">
    <skipped/>
  </testcase> <!-- @AfterMethod tearDown -->
  <testcase name="@BeforeMethod setUp" time="20.814" classname="com.crm.qa.testcases.SignUpPageTest">
    <failure type="org.openqa.selenium.WebDriverException" message="Timed out waiting for driver server to start.
Build info: version: &amp;apos;3.141.59&amp;apos;, revision: &amp;apos;e82be7d358&amp;apos;, time: &amp;apos;2018-11-14T08:25:48&amp;apos;
System info: host: &amp;apos;ADITYA&amp;apos;, ip: &amp;apos;192.168.1.7&amp;apos;, os.name: &amp;apos;Windows 10&amp;apos;, os.arch: &amp;apos;x86&amp;apos;, os.version: &amp;apos;10.0&amp;apos;, java.version: &amp;apos;1.8.0_60&amp;apos;
Driver info: driver.version: EdgeDriver">
      <![CDATA[org.openqa.selenium.WebDriverException: Timed out waiting for driver server to start.
Build info: version: '3.141.59', revision: 'e82be7d358', time: '2018-11-14T08:25:48'
System info: host: 'ADITYA', ip: '192.168.1.7', os.name: 'Windows 10', os.arch: 'x86', os.version: '10.0', java.version: '1.8.0_60'
Driver info: driver.version: EdgeDriver
at org.openqa.selenium.remote.service.DriverService.waitUntilAvailable(DriverService.java:202)
at org.openqa.selenium.remote.service.DriverService.start(DriverService.java:188)
at org.openqa.selenium.remote.service.DriverCommandExecutor.execute(DriverCommandExecutor.java:79)
at org.openqa.selenium.remote.RemoteWebDriver.execute(RemoteWebDriver.java:552)
at org.openqa.selenium.remote.RemoteWebDriver.startSession(RemoteWebDriver.java:213)
at org.openqa.selenium.remote.RemoteWebDriver.<init>(RemoteWebDriver.java:131)
at org.openqa.selenium.edge.EdgeDriver.<init>(EdgeDriver.java:141)
at org.openqa.selenium.edge.EdgeDriver.<init>(EdgeDriver.java:96)
at com.crm.qa.base.TestBase.initialization(TestBase.java:50)
at com.crm.qa.testcases.SignUpPageTest.setUp(SignUpPageTest.java:26)
at java.util.ArrayList.forEach(ArrayList.java:1249)
Caused by: org.openqa.selenium.net.UrlChecker$TimeoutException: Timed out waiting for [http://localhost:41325/status] to be available after 20000 ms
at org.openqa.selenium.net.UrlChecker.waitUntilAvailable(UrlChecker.java:100)
at org.openqa.selenium.remote.service.DriverService.waitUntilAvailable(DriverService.java:197)
... 41 more
Caused by: java.util.concurrent.TimeoutException
at java.util.concurrent.FutureTask.get(FutureTask.java:205)
at com.google.common.util.concurrent.SimpleTimeLimiter.callWithTimeout(SimpleTimeLimiter.java:156)
at org.openqa.selenium.net.UrlChecker.waitUntilAvailable(UrlChecker.java:75)
... 42 more
... Removed 31 stack frames]]>
    </failure>
  </testcase> <!-- @BeforeMethod setUp -->
  <testcase name="@AfterMethod tearDown" time="-1.607770627027E9" classname="com.crm.qa.testcases.SignUpPageTest">
    <skipped/>
  </testcase> <!-- @AfterMethod tearDown -->
  <testcase name="@BeforeMethod setUp" time="-1.607770627029E9" classname="com.crm.qa.testcases.SignUpPageTest">
    <skipped/>
  </testcase> <!-- @BeforeMethod setUp -->
  <testcase name="@AfterMethod tearDown" time="-1.607770627038E9" classname="com.crm.qa.testcases.SignUpPageTest">
    <skipped/>
  </testcase> <!-- @AfterMethod tearDown -->
  <testcase name="loginPageTitleTest" time="0.179" classname="com.crm.qa.testcases.LoginPageTest"/>
  <testcase name="loginButtonFunctionalityTest" time="10.531" classname="com.crm.qa.testcases.LoginPageTest"/>
  <testcase name="checkForgotButtonLinkTest" time="0.238" classname="com.crm.qa.testcases.LoginPageTest"/>
  <testcase name="ForgotButtonFunctionalityTest" time="5.424" classname="com.crm.qa.testcases.LoginPageTest"/>
  <testcase name="validateSignUpButtonLinkTest" time="2.963" classname="com.crm.qa.testcases.LoginPageTest"/>
  <testcase name="validateSignUplinkFunctionalityTest" time="23.038" classname="com.crm.qa.testcases.LoginPageTest"/>
  <testcase name="verifyUserNameTextTest" time="11.73" classname="com.crm.qa.testcases.HomePageTest"/>
  <testcase name="verifyLogOutBtnFunctionalityTest" time="3.664" classname="com.crm.qa.testcases.HomePageTest"/>
  <testcase name="clickOnContactsLinkTest" time="3.907" classname="com.crm.qa.testcases.HomePageTest"/>
  <testcase name="createNewContact" time="24.423" classname="com.crm.qa.testcases.ContactsPageTest"/>
  <testcase name="createNewContact" time="23.076" classname="com.crm.qa.testcases.ContactsPageTest"/>
  <testcase name="createNewContact" time="0.0" classname="com.crm.qa.testcases.ContactsPageTest">
    <skipped/>
  </testcase> <!-- createNewContact -->
  <testcase name="createNewContact" time="0.0" classname="com.crm.qa.testcases.ContactsPageTest">
    <skipped/>
  </testcase> <!-- createNewContact -->
  <testcase name="verifyPwdResetPageTitleTest" time="0.0" classname="com.crm.qa.testcases.RetestPageTest">
    <skipped/>
  </testcase> <!-- verifyPwdResetPageTitleTest -->
  <testcase name="verifyForgotMyPwdHeaderTest" time="0.0" classname="com.crm.qa.testcases.RetestPageTest">
    <skipped/>
  </testcase> <!-- verifyForgotMyPwdHeaderTest -->
  <testcase name="validateHeaderOfSignUpPageTest" time="0.0" classname="com.crm.qa.testcases.SignUpPageTest">
    <skipped/>
  </testcase> <!-- validateHeaderOfSignUpPageTest -->
  <testcase name="gotAnAccountLinkFunctionalityTest" time="0.0" classname="com.crm.qa.testcases.SignUpPageTest">
    <skipped/>
  </testcase> <!-- gotAnAccountLinkFunctionalityTest -->
</testsuite> <!-- Free CRM Test Cases -->
