<?xml version="1.0" encoding="UTF-8"?>
<!-- Generated by org.testng.reporters.JUnitXMLReporter -->
<testsuite hostname="Aditya" ignored="0" name="Test" tests="13" failures="0" timestamp="2020-12-04T00:38:37 IST" time="394.096" errors="0">
  <testcase name="@BeforeMethod setUp" time="36.808" classname="com.crm.qa.testcases.SignUpPageTest">
    <failure type="org.openqa.selenium.TimeoutException" message="timeout: Timed out receiving message from renderer: 11.368
  (Session info: MicrosoftEdge=87.0.664.47)
Build info: version: &amp;apos;3.141.59&amp;apos;, revision: &amp;apos;e82be7d358&amp;apos;, time: &amp;apos;2018-11-14T08:25:48&amp;apos;
System info: host: &amp;apos;ADITYA&amp;apos;, ip: &amp;apos;192.168.1.7&amp;apos;, os.name: &amp;apos;Windows 10&amp;apos;, os.arch: &amp;apos;x86&amp;apos;, os.version: &amp;apos;10.0&amp;apos;, java.version: &amp;apos;1.8.0_60&amp;apos;
Driver info: org.openqa.selenium.edge.EdgeDriver
Capabilities {acceptInsecureCerts: false, browserName: msedge, browserVersion: 87.0.664.47, javascriptEnabled: true, ms:edgeOptions: {debuggerAddress: localhost:49837}, msedge: {msedgedriverVersion: 87.0.664.52 (0e068395bb3664..., userDataDir: C:\Users\ADITYA~1\AppData\L...}, networkConnectionEnabled: false, pageLoadStrategy: normal, platform: WINDOWS, platformName: WINDOWS, proxy: Proxy(), setWindowRect: true, strictFileInteractability: false, timeouts: {implicit: 0, pageLoad: 300000, script: 30000}, unhandledPromptBehavior: dismiss and notify, webauthn:virtualAuthenticators: true}
Session ID: 6b4c13313ed12fba1205f2e955ded21e">
      <![CDATA[org.openqa.selenium.TimeoutException: timeout: Timed out receiving message from renderer: 11.368
  (Session info: MicrosoftEdge=87.0.664.47)
Build info: version: '3.141.59', revision: 'e82be7d358', time: '2018-11-14T08:25:48'
System info: host: 'ADITYA', ip: '192.168.1.7', os.name: 'Windows 10', os.arch: 'x86', os.version: '10.0', java.version: '1.8.0_60'
Driver info: org.openqa.selenium.edge.EdgeDriver
Capabilities {acceptInsecureCerts: false, browserName: msedge, browserVersion: 87.0.664.47, javascriptEnabled: true, ms:edgeOptions: {debuggerAddress: localhost:49837}, msedge: {msedgedriverVersion: 87.0.664.52 (0e068395bb3664..., userDataDir: C:\Users\ADITYA~1\AppData\L...}, networkConnectionEnabled: false, pageLoadStrategy: normal, platform: WINDOWS, platformName: WINDOWS, proxy: Proxy(), setWindowRect: true, strictFileInteractability: false, timeouts: {implicit: 0, pageLoad: 300000, script: 30000}, unhandledPromptBehavior: dismiss and notify, webauthn:virtualAuthenticators: true}
Session ID: 6b4c13313ed12fba1205f2e955ded21e
at org.openqa.selenium.remote.http.W3CHttpResponseCodec.createException(W3CHttpResponseCodec.java:187)
at org.openqa.selenium.remote.http.W3CHttpResponseCodec.decode(W3CHttpResponseCodec.java:122)
at org.openqa.selenium.remote.http.W3CHttpResponseCodec.decode(W3CHttpResponseCodec.java:49)
at org.openqa.selenium.remote.HttpCommandExecutor.execute(HttpCommandExecutor.java:158)
at org.openqa.selenium.remote.service.DriverCommandExecutor.execute(DriverCommandExecutor.java:83)
at org.openqa.selenium.remote.RemoteWebDriver.execute(RemoteWebDriver.java:552)
at org.openqa.selenium.remote.RemoteWebDriver.get(RemoteWebDriver.java:277)
at com.crm.qa.base.TestBase.initialization(TestBase.java:52)
at com.crm.qa.testcases.SignUpPageTest.setUp(SignUpPageTest.java:26)
at java.util.ArrayList.forEach(ArrayList.java:1249)
... Removed 35 stack frames]]>
    </failure>
  </testcase> <!-- @BeforeMethod setUp -->
  <testcase name="@AfterMethod tearDown" time="-1.607022330095E9" classname="com.crm.qa.testcases.SignUpPageTest">
    <skipped/>
  </testcase> <!-- @AfterMethod tearDown -->
  <testcase name="@BeforeMethod setUp" time="-1.607022330097E9" classname="com.crm.qa.testcases.SignUpPageTest">
    <skipped/>
  </testcase> <!-- @BeforeMethod setUp -->
  <testcase name="@AfterMethod tearDown" time="-1.607022330109E9" classname="com.crm.qa.testcases.SignUpPageTest">
    <skipped/>
  </testcase> <!-- @AfterMethod tearDown -->
  <testcase name="verifyPwdResetPageTitleTest" time="0.032" classname="com.crm.qa.testcases.RetestPageTest"/>
  <testcase name="verifyForgotMyPwdHeaderTest" time="0.154" classname="com.crm.qa.testcases.RetestPageTest"/>
  <testcase name="verifyUserNameTextTest" time="2.164" classname="com.crm.qa.testcases.HomePageTest"/>
  <testcase name="verifyLogOutBtnFunctionalityTest" time="2.31" classname="com.crm.qa.testcases.HomePageTest"/>
  <testcase name="clickOnContactsLinkTest" time="2.234" classname="com.crm.qa.testcases.HomePageTest"/>
  <testcase name="validateHeaderOfSignUpPageTest" time="0.0" classname="com.crm.qa.testcases.SignUpPageTest">
    <skipped/>
  </testcase> <!-- validateHeaderOfSignUpPageTest -->
  <testcase name="gotAnAccountLinkFunctionalityTest" time="0.0" classname="com.crm.qa.testcases.SignUpPageTest">
    <skipped/>
  </testcase> <!-- gotAnAccountLinkFunctionalityTest -->
  <testcase name="loginPageTitleTest" time="0.017" classname="com.crm.qa.testcases.LoginPageTest"/>
  <testcase name="loginButtonFunctionalityTest" time="0.939" classname="com.crm.qa.testcases.LoginPageTest"/>
  <testcase name="checkForgotButtonLinkTest" time="0.101" classname="com.crm.qa.testcases.LoginPageTest"/>
  <testcase name="ForgotButtonFunctionalityTest" time="1.609" classname="com.crm.qa.testcases.LoginPageTest"/>
  <testcase name="validateSignUpButtonLinkTest" time="0.101" classname="com.crm.qa.testcases.LoginPageTest"/>
  <testcase name="validateSignUplinkFunctionalityTest" time="4.91" classname="com.crm.qa.testcases.LoginPageTest"/>
</testsuite> <!-- Test -->
